<?xml version="1.0" encoding="UTF-8"?>
<!-- Generated by org.testng.reporters.JUnitReportReporter -->
<testsuite hostname="Friday" failures="0" tests="1" name="Runner.testRunner" time="56.483" errors="0" timestamp="2023-04-27T12:08:40 IST" skipped="0">
  <testcase classname="Runner.testRunner" name="runScenario" time="56.483"/>
  <system-out/>
</testsuite> <!-- Runner.testRunner -->
